<?xml version="1.0" encoding="UTF-8"?>
<testng-results ignored="0" total="1" passed="1" failed="0" skipped="0">
  <reporter-output>
  </reporter-output>
  <suite started-at="2024-02-15T18:15:49 IST" name="Default suite" finished-at="2024-02-15T18:16:40 IST" duration-ms="51198">
    <groups>
    </groups>
    <test started-at="2024-02-15T18:15:49 IST" name="Default test" finished-at="2024-02-15T18:16:40 IST" duration-ms="51198">
      <class name="project_1.Login">
        <test-method is-config="true" signature="get()[pri:0, instance:project_1.Login@173ed316]" started-at="2024-02-15T18:15:44 IST" name="get" finished-at="2024-02-15T18:15:49 IST" duration-ms="4660" status="PASS">
          <reporter-output>
          </reporter-output>
        </test-method> <!-- get -->
        <test-method signature="email_login()[pri:0, instance:project_1.Login@173ed316]" started-at="2024-02-15T18:15:49 IST" name="email_login" finished-at="2024-02-15T18:16:40 IST" duration-ms="51160" status="PASS">
          <reporter-output>
          </reporter-output>
        </test-method> <!-- email_login -->
        <test-method is-config="true" signature="quite()[pri:0, instance:project_1.Login@173ed316]" started-at="2024-02-15T18:16:40 IST" name="quite" finished-at="2024-02-15T18:16:44 IST" duration-ms="4281" status="PASS">
          <reporter-output>
          </reporter-output>
        </test-method> <!-- quite -->
      </class> <!-- project_1.Login -->
    </test> <!-- Default test -->
  </suite> <!-- Default suite -->
</testng-results>
